Determining if the pthread_create exist failed with the following output:
Change Dir: /home/zhenyu/yzy_slam/build/CMakeFiles/CMakeTmp

Run Build Command:"/usr/bin/make" "cmTC_a4f4f/fast"
/usr/bin/make -f CMakeFiles/cmTC_a4f4f.dir/build.make CMakeFiles/cmTC_a4f4f.dir/build
make[1]: Entering directory '/home/zhenyu/yzy_slam/build/CMakeFiles/CMakeTmp'
Building C object CMakeFiles/cmTC_a4f4f.dir/CheckSymbolExists.c.o
/usr/bin/cc     -o CMakeFiles/cmTC_a4f4f.dir/CheckSymbolExists.c.o   -c /home/zhenyu/yzy_slam/build/CMakeFiles/CMakeTmp/CheckSymbolExists.c
Linking C executable cmTC_a4f4f
/usr/bin/cmake -E cmake_link_script CMakeFiles/cmTC_a4f4f.dir/link.txt --verbose=1
/usr/bin/cc       CMakeFiles/cmTC_a4f4f.dir/CheckSymbolExists.c.o  -o cmTC_a4f4f -rdynamic 
CMakeFiles/cmTC_a4f4f.dir/CheckSymbolExists.c.o: In function `main':
CheckSymbolExists.c:(.text+0x16): undefined reference to `pthread_create'
collect2: error: ld returned 1 exit status
CMakeFiles/cmTC_a4f4f.dir/build.make:97: recipe for target 'cmTC_a4f4f' failed
make[1]: *** [cmTC_a4f4f] Error 1
make[1]: Leaving directory '/home/zhenyu/yzy_slam/build/CMakeFiles/CMakeTmp'
Makefile:126: recipe for target 'cmTC_a4f4f/fast' failed
make: *** [cmTC_a4f4f/fast] Error 2

File /home/zhenyu/yzy_slam/build/CMakeFiles/CMakeTmp/CheckSymbolExists.c:
/* */
#include <pthread.h>

int main(int argc, char** argv)
{
  (void)argv;
#ifndef pthread_create
  return ((int*)(&pthread_create))[argc];
#else
  (void)argc;
  return 0;
#endif
}

Determining if the function pthread_create exists in the pthreads failed with the following output:
Change Dir: /home/zhenyu/yzy_slam/build/CMakeFiles/CMakeTmp

Run Build Command:"/usr/bin/make" "cmTC_d024a/fast"
/usr/bin/make -f CMakeFiles/cmTC_d024a.dir/build.make CMakeFiles/cmTC_d024a.dir/build
make[1]: Entering directory '/home/zhenyu/yzy_slam/build/CMakeFiles/CMakeTmp'
Building C object CMakeFiles/cmTC_d024a.dir/CheckFunctionExists.c.o
/usr/bin/cc    -DCHECK_FUNCTION_EXISTS=pthread_create   -o CMakeFiles/cmTC_d024a.dir/CheckFunctionExists.c.o   -c /usr/share/cmake-3.5/Modules/CheckFunctionExists.c
Linking C executable cmTC_d024a
/usr/bin/cmake -E cmake_link_script CMakeFiles/cmTC_d024a.dir/link.txt --verbose=1
/usr/bin/cc   -DCHECK_FUNCTION_EXISTS=pthread_create    CMakeFiles/cmTC_d024a.dir/CheckFunctionExists.c.o  -o cmTC_d024a -rdynamic -lpthreads 
/usr/bin/ld: cannot find -lpthreads
collect2: error: ld returned 1 exit status
CMakeFiles/cmTC_d024a.dir/build.make:97: recipe for target 'cmTC_d024a' failed
make[1]: *** [cmTC_d024a] Error 1
make[1]: Leaving directory '/home/zhenyu/yzy_slam/build/CMakeFiles/CMakeTmp'
Makefile:126: recipe for target 'cmTC_d024a/fast' failed
make: *** [cmTC_d024a/fast] Error 2


